<?xml version="1.0" encoding="UTF-8"?>
<!-- Generated by org.testng.reporters.JUnitReportReporter -->
<testsuite name="cursoselenium.selenium.AppTest" tests="1" time="0.121" ignored="0" failures="0" timestamp="12 sep 2020 13:54:23 GMT" skipped="0" hostname="Jaqueline" errors="0">
  <testcase name="shouldAnswerWithTrue" time="0.121" classname="cursoselenium.selenium.AppTest"/>
</testsuite> <!-- cursoselenium.selenium.AppTest -->
